2025-08-27 19:23:50 | INFO | __main__:51 | Logger loaded.
2025-08-27 19:23:50 | INFO | __main__:170 | STARTING main()..
2025-08-27 19:23:50 | INFO | __main__:171 | Byline:

**********************************************************
Stellar Analytics — Project Header
**********************************************************
Author:                     Denise Case
Motto:                      Clear. Useful. On time.
Years Active:               5
Accepting New Clients?:     True
Remote Workshops?:          True
Services:                   ['Data Analysis', 'Machine Learning', 'Business Intelligence']
Client Satisfaction Scores: [4.8, 4.6, 4.9, 5.0, 4.7]
Minimum Satisfaction Score: 4.6
Maximum Satisfaction Score: 5.0
Mean Satisfaction Score:    4.80
     Standard Deviation:    0.16
**********************************************************

2025-08-27 19:23:50 | INFO | __main__:182 | This module is organized like all Python modules.
2025-08-27 19:23:50 | INFO | __main__:183 | We write professional Python from the start.
2025-08-27 19:23:50 | INFO | __main__:184 | END main()...
2025-08-27 19:38:17 | INFO | __main__:48 | Logger loaded.
2025-08-27 19:38:17 | INFO | __main__:165 | STARTING main()..
2025-08-27 19:38:17 | INFO | __main__:166 | Byline:

**********************************************************
Stellar Analytics — Project Header
**********************************************************
Author:                     Denise Case
Motto:                      Clear. Useful. On time.
Years Active:               5
Accepting New Clients?:     True
Remote Workshops?:          True
Services:                   ['Data Analysis', 'Machine Learning', 'Business Intelligence']
Client Satisfaction Scores: [4.8, 4.6, 4.9, 5.0, 4.7]
Minimum Satisfaction Score: 4.6
Maximum Satisfaction Score: 5.0
Mean Satisfaction Score:    4.80
     Standard Deviation:    0.16
**********************************************************

2025-08-27 19:38:17 | INFO | __main__:177 | This module is organized like all Python modules.
2025-08-27 19:38:17 | INFO | __main__:178 | We write professional Python from the start.
2025-08-27 19:38:17 | INFO | __main__:179 | END main()...
2025-08-27 19:38:58 | INFO | __main__:48 | Logger loaded.
2025-08-27 19:38:58 | INFO | __main__:165 | STARTING main()..
2025-08-27 19:38:58 | INFO | __main__:166 | Byline:

**********************************************************
Stellar Analytics — Project Header
**********************************************************
Author:                     Denise Case
Motto:                      Clear. Useful. On time.
Years Active:               5
Accepting New Clients?:     True
Remote Workshops?:          True
Services:                   ['Data Analysis', 'Machine Learning', 'Business Intelligence']
Client Satisfaction Scores: [4.8, 4.6, 4.9, 5.0, 4.7]
Minimum Satisfaction Score: 4.6
Maximum Satisfaction Score: 5.0
Mean Satisfaction Score:    4.80
     Standard Deviation:    0.16
**********************************************************

2025-08-27 19:38:58 | INFO | __main__:177 | This module is organized like all Python modules.
2025-08-27 19:38:58 | INFO | __main__:178 | We write professional Python from the start.
2025-08-27 19:38:58 | INFO | __main__:179 | END main()...
2025-08-27 19:44:57 | INFO | __main__:48 | Logger loaded.
2025-08-27 19:44:57 | INFO | __main__:165 | STARTING main()..
2025-08-27 19:44:57 | INFO | __main__:166 | Byline:

**********************************************************
Pithy Python — Project Header
**********************************************************
Author:                     Kevin Hennelly
Motto:                      Squeezing Data Out of Your Numbers
Years Active:               5
Accepting New Clients?:     True
Remote Workshops?:          True
Services:                   ['Data Analysis', 'Machine Learning', 'Business Intelligence']
Client Satisfaction Scores: [4.8, 4.6, 4.9, 5.0, 4.7]
Minimum Satisfaction Score: 4.6
Maximum Satisfaction Score: 5.0
Mean Satisfaction Score:    4.80
     Standard Deviation:    0.16
**********************************************************

2025-08-27 19:44:57 | INFO | __main__:177 | This module is organized like all Python modules.
2025-08-27 19:44:57 | INFO | __main__:178 | We write professional Python from the start.
2025-08-27 19:44:57 | INFO | __main__:179 | END main()...
